<?xml version="1.0" encoding="UTF-8"?>
<!-- Generated by org.testng.reporters.JUnitReportReporter -->
<testsuite skipped="0" hostname="Maroof" name="com.w2a.testcases.AddCustomerTest" tests="4" failures="0" timestamp="24 Sep 2018 03:14:37 GMT" time="13.419" errors="0">
  <testcase name="addCustomer" time="3.601" classname="com.w2a.testcases.AddCustomerTest"/>
  <testcase name="addCustomer" time="3.286" classname="com.w2a.testcases.AddCustomerTest"/>
  <testcase name="addCustomer" time="3.153" classname="com.w2a.testcases.AddCustomerTest"/>
  <testcase name="addCustomer" time="3.379" classname="com.w2a.testcases.AddCustomerTest"/>
</testsuite> <!-- com.w2a.testcases.AddCustomerTest -->
