<?xml version="1.0" encoding="UTF-8"?>
<!-- Generated by org.testng.reporters.JUnitReportReporter -->
<testsuite skipped="0" hostname="Maroof" name="com.w2a.testcases.BankManagerLoginTest" tests="1" failures="0" timestamp="24 Sep 2018 03:14:37 GMT" time="6.119" errors="0">
  <testcase name="loginAsBankManager" time="6.119" classname="com.w2a.testcases.BankManagerLoginTest"/>
</testsuite> <!-- com.w2a.testcases.BankManagerLoginTest -->
