<?xml version="1.0" encoding="UTF-8"?>
<!-- Generated by org.testng.reporters.JUnitReportReporter -->
<testsuite skipped="0" hostname="Maroof" name="com.w2a.testcases.BankManagerLoginTest" tests="1" failures="0" timestamp="29 Sep 2018 15:12:27 GMT" time="9.443" errors="0">
  <testcase name="loginAsBankManager" time="9.443" classname="com.w2a.testcases.BankManagerLoginTest"/>
</testsuite> <!-- com.w2a.testcases.BankManagerLoginTest -->
