<?xml version="1.0" encoding="UTF-8"?>
<!-- Generated by org.testng.reporters.JUnitReportReporter -->
<testsuite skipped="0" hostname="Maroof" name="com.w2a.testcases.OpenAccountTest" tests="1" failures="0" timestamp="29 Sep 2018 15:12:27 GMT" time="0.875" errors="0">
  <testcase name="openAccountTest" time="0.875" classname="com.w2a.testcases.OpenAccountTest"/>
</testsuite> <!-- com.w2a.testcases.OpenAccountTest -->
